Added Component: Designator=*(SSOP-TSSOP20)
Add component. Clean all parameters for all variants
Added Component: Designator=P1(HDR1X10)
Add component. Clean all parameters for all variants
Add component (AddParameter): Name = "LatestRevisionDate"; Value = "17-Jul-2002"; VariantName = "[No Variations]"
Add component (AddParameter): Name = "LatestRevisionNote"; Value = "Re-released for DXP Platform."; VariantName = "[No Variations]"
Add component (AddParameter): Name = "Publisher"; Value = "Altium Limited"; VariantName = "[No Variations]"
Added Component: Designator=P2(HDR1X10)
Add component. Clean all parameters for all variants
Add component (AddParameter): Name = "LatestRevisionDate"; Value = "17-Jul-2002"; VariantName = "[No Variations]"
Add component (AddParameter): Name = "LatestRevisionNote"; Value = "Re-released for DXP Platform."; VariantName = "[No Variations]"
Add component (AddParameter): Name = "Publisher"; Value = "Altium Limited"; VariantName = "[No Variations]"
Added Pin To Net: NetName=Net*_1 Pin=*-1
Added Pin To Net: NetName=Net*_1 Pin=P1-10
Added Net: Name=Net*_1
Added Pin To Net: NetName=Net*_2 Pin=*-2
Added Pin To Net: NetName=Net*_2 Pin=P1-9
Added Net: Name=Net*_2
Added Pin To Net: NetName=Net*_3 Pin=*-3
Added Pin To Net: NetName=Net*_3 Pin=P1-8
Added Net: Name=Net*_3
Added Pin To Net: NetName=Net*_4 Pin=*-4
Added Pin To Net: NetName=Net*_4 Pin=P1-7
Added Net: Name=Net*_4
Added Pin To Net: NetName=Net*_5 Pin=*-5
Added Pin To Net: NetName=Net*_5 Pin=P1-6
Added Net: Name=Net*_5
Added Pin To Net: NetName=Net*_6 Pin=*-6
Added Pin To Net: NetName=Net*_6 Pin=P1-5
Added Net: Name=Net*_6
Added Pin To Net: NetName=Net*_7 Pin=*-7
Added Pin To Net: NetName=Net*_7 Pin=P1-4
Added Net: Name=Net*_7
Added Pin To Net: NetName=Net*_8 Pin=*-8
Added Pin To Net: NetName=Net*_8 Pin=P1-3
Added Net: Name=Net*_8
Added Pin To Net: NetName=Net*_9 Pin=*-9
Added Pin To Net: NetName=Net*_9 Pin=P1-2
Added Net: Name=Net*_9
Added Pin To Net: NetName=Net*_10 Pin=*-10
Added Pin To Net: NetName=Net*_10 Pin=P1-1
Added Net: Name=Net*_10
Added Pin To Net: NetName=Net*_11 Pin=*-11
Added Pin To Net: NetName=Net*_11 Pin=P2-10
Added Net: Name=Net*_11
Added Pin To Net: NetName=Net*_12 Pin=*-12
Added Pin To Net: NetName=Net*_12 Pin=P2-9
Added Net: Name=Net*_12
Added Pin To Net: NetName=Net*_13 Pin=*-13
Added Pin To Net: NetName=Net*_13 Pin=P2-8
Added Net: Name=Net*_13
Added Pin To Net: NetName=Net*_14 Pin=*-14
Added Pin To Net: NetName=Net*_14 Pin=P2-7
Added Net: Name=Net*_14
Added Pin To Net: NetName=Net*_15 Pin=*-15
Added Pin To Net: NetName=Net*_15 Pin=P2-6
Added Net: Name=Net*_15
Added Pin To Net: NetName=Net*_16 Pin=*-16
Added Pin To Net: NetName=Net*_16 Pin=P2-5
Added Net: Name=Net*_16
Added Pin To Net: NetName=Net*_17 Pin=*-17
Added Pin To Net: NetName=Net*_17 Pin=P2-4
Added Net: Name=Net*_17
Added Pin To Net: NetName=Net*_18 Pin=*-18
Added Pin To Net: NetName=Net*_18 Pin=P2-3
Added Net: Name=Net*_18
Added Pin To Net: NetName=Net*_19 Pin=*-19
Added Pin To Net: NetName=Net*_19 Pin=P2-2
Added Net: Name=Net*_19
Added Pin To Net: NetName=Net*_20 Pin=*-20
Added Pin To Net: NetName=Net*_20 Pin=P2-1
Added Net: Name=Net*_20
Added Class: Name=SSOP-TSSOP20
Added Room: Name=SSOP-TSSOP20
